<?xml version="1.0" encoding="UTF-8"?>
<!-- Generated by org.testng.reporters.JUnitReportReporter -->
<testsuite skipped="0" hostname="LAPTOP-J19S32R2" name="com.sauce.qa.test.ProductRemoveandAddTest" tests="9" failures="0" timestamp="2022-05-08T15:55:28 IST" time="52.144" errors="0">
  <testcase name="successfulLogin" time="14.859" classname="com.sauce.qa.test.ProductRemoveandAddTest"/>
  <system-out/>
  <testcase name="addSLBInCart" time="2.814" classname="com.sauce.qa.test.ProductRemoveandAddTest"/>
  <system-out/>
  <testcase name="removeSLB" time="7.619" classname="com.sauce.qa.test.ProductRemoveandAddTest"/>
  <system-out/>
  <testcase name="addNewItem" time="2.273" classname="com.sauce.qa.test.ProductRemoveandAddTest"/>
  <system-out/>
  <testcase name="clickOnCartBtn" time="1.317" classname="com.sauce.qa.test.ProductRemoveandAddTest"/>
  <system-out/>
  <testcase name="clickOnCheckoutBtn" time="3.169" classname="com.sauce.qa.test.ProductRemoveandAddTest"/>
  <system-out/>
  <testcase name="enterCheckoutInfo" time="9.146" classname="com.sauce.qa.test.ProductRemoveandAddTest"/>
  <system-out/>
  <testcase name="clickOnFinishBtn" time="7.781" classname="com.sauce.qa.test.ProductRemoveandAddTest"/>
  <system-out/>
  <testcase name="successfulShopping" time="3.166" classname="com.sauce.qa.test.ProductRemoveandAddTest"/>
  <system-out/>
</testsuite> <!-- com.sauce.qa.test.ProductRemoveandAddTest -->
