<?xml version="1.0" encoding="UTF-8"?>
<!-- Generated by org.testng.reporters.JUnitReportReporter -->
<testsuite skipped="0" hostname="LAPTOP-J19S32R2" name="com.sauce.qa.test.ProductAddTests" tests="7" failures="0" timestamp="2022-05-08T11:27:04 IST" time="23.547" errors="0">
  <testcase name="successfulLogin" time="8.607" classname="com.sauce.qa.test.ProductAddTests"/>
  <system-out/>
  <testcase name="addSLBInCart" time="0.688" classname="com.sauce.qa.test.ProductAddTests"/>
  <system-out/>
  <testcase name="clickOnCartBtn" time="0.927" classname="com.sauce.qa.test.ProductAddTests"/>
  <system-out/>
  <testcase name="clickOnCheckoutBtn" time="2.264" classname="com.sauce.qa.test.ProductAddTests"/>
  <system-out/>
  <testcase name="enterCheckoutInfo" time="5.399" classname="com.sauce.qa.test.ProductAddTests"/>
  <system-out/>
  <testcase name="clickOnFinishBtn" time="4.235" classname="com.sauce.qa.test.ProductAddTests"/>
  <system-out/>
  <testcase name="successfulShopping" time="1.427" classname="com.sauce.qa.test.ProductAddTests"/>
  <system-out/>
</testsuite> <!-- com.sauce.qa.test.ProductAddTests -->
